<?xml version="1.0" encoding="UTF-8"?>
<testng-results ignored="0" total="1" passed="1" failed="0" skipped="0">
  <reporter-output>
  </reporter-output>
  <suite started-at="2021-09-06T14:25:03 IST" name="Default suite" finished-at="2021-09-06T14:25:03 IST" duration-ms="64">
    <groups>
    </groups>
    <test started-at="2021-09-06T14:25:03 IST" name="Default test" finished-at="2021-09-06T14:25:03 IST" duration-ms="64">
      <class name="TestFibbo.FibboInvoke">
        <test-method signature="testngexamplee()[pri:0, instance:TestFibbo.FibboInvoke@5552768b]" started-at="2021-09-06T14:25:03 IST" name="testngexamplee" finished-at="2021-09-06T14:25:03 IST" duration-ms="10" status="PASS">
          <reporter-output>
          </reporter-output>
        </test-method> <!-- testngexamplee -->
      </class> <!-- TestFibbo.FibboInvoke -->
    </test> <!-- Default test -->
  </suite> <!-- Default suite -->
</testng-results>
